  Customer.cpp
  main.cpp
  Pizza.cpp
C:\Users\user\source\repos\prob2_20210661\prob2_20210661\Pizza.cpp(42,15): warning C4244: '=': 'int'에서 'float'(으)로 변환하면서 데이터가 손실될 수 있습니다.
C:\Users\user\source\repos\prob2_20210661\prob2_20210661\Pizza.cpp(43,15): warning C4244: '=': 'int'에서 'float'(으)로 변환하면서 데이터가 손실될 수 있습니다.
C:\Users\user\source\repos\prob2_20210661\prob2_20210661\Pizza.cpp(44,12): warning C4244: '=': 'int'에서 'float'(으)로 변환하면서 데이터가 손실될 수 있습니다.
C:\Users\user\source\repos\prob2_20210661\prob2_20210661\Pizza.cpp(45,12): warning C4244: '=': 'int'에서 'float'(으)로 변환하면서 데이터가 손실될 수 있습니다.
C:\Users\user\source\repos\prob2_20210661\prob2_20210661\Pizza.cpp(50,12): warning C4244: '=': 'int'에서 'float'(으)로 변환하면서 데이터가 손실될 수 있습니다.
C:\Users\user\source\repos\prob2_20210661\prob2_20210661\Pizza.cpp(51,12): warning C4244: '=': 'int'에서 'float'(으)로 변환하면서 데이터가 손실될 수 있습니다.
  Rider.cpp
  Vector_Customer.cpp
C:\Users\user\source\repos\prob2_20210661\prob2_20210661\Vector_Customer.cpp(121,8): warning C4244: '초기화 중': '__int64'에서 'int'(으)로 변환하면서 데이터가 손실될 수 있습니다.
C:\Users\user\source\repos\prob2_20210661\prob2_20210661\Vector_Customer.cpp(139,16): warning C4244: '초기화 중': '__int64'에서 'int'(으)로 변환하면서 데이터가 손실될 수 있습니다.
C:\Users\user\source\repos\prob2_20210661\prob2_20210661\Vector_Customer.cpp(140,8): warning C4244: '초기화 중': '__int64'에서 'int'(으)로 변환하면서 데이터가 손실될 수 있습니다.
C:\Users\user\source\repos\prob2_20210661\prob2_20210661\Vector_Customer.cpp(160,8): warning C4244: '초기화 중': '__int64'에서 'int'(으)로 변환하면서 데이터가 손실될 수 있습니다.
  Vector_Rider.cpp
C:\Users\user\source\repos\prob2_20210661\prob2_20210661\Vector_Rider.cpp(122,8): warning C4244: '초기화 중': '__int64'에서 'int'(으)로 변환하면서 데이터가 손실될 수 있습니다.
C:\Users\user\source\repos\prob2_20210661\prob2_20210661\Vector_Rider.cpp(140,16): warning C4244: '초기화 중': '__int64'에서 'int'(으)로 변환하면서 데이터가 손실될 수 있습니다.
C:\Users\user\source\repos\prob2_20210661\prob2_20210661\Vector_Rider.cpp(141,8): warning C4244: '초기화 중': '__int64'에서 'int'(으)로 변환하면서 데이터가 손실될 수 있습니다.
C:\Users\user\source\repos\prob2_20210661\prob2_20210661\Vector_Rider.cpp(162,8): warning C4244: '초기화 중': '__int64'에서 'int'(으)로 변환하면서 데이터가 손실될 수 있습니다.
  코드를 생성하고 있습니다...
  prob2_20210661.vcxproj -> C:\Users\user\source\repos\prob2_20210661\x64\Debug\prob2_20210661.exe
